  Entity.cpp
C:\Workspaces\cpp\LearningSFML\LearningSFML\Entity.cpp(23,40): warning C4244: 'argument': conversion from 'int' to 'T', possible loss of data
          with
          [
              T=float
          ]
C:\Workspaces\cpp\LearningSFML\LearningSFML\Entity.cpp(23,29): warning C4244: 'argument': conversion from 'int' to 'T', possible loss of data
          with
          [
              T=float
          ]
C:\Workspaces\cpp\LearningSFML\LearningSFML\Entity.cpp(25,42): warning C4244: 'argument': conversion from 'int' to 'T', possible loss of data
          with
          [
              T=float
          ]
C:\Workspaces\cpp\LearningSFML\LearningSFML\Entity.cpp(25,36): warning C4244: 'argument': conversion from 'int' to 'T', possible loss of data
          with
          [
              T=float
          ]
C:\Workspaces\cpp\LearningSFML\LearningSFML\Entity.cpp(105,30): warning C4244: 'initializing': conversion from '_Rep' to 'sf::Uint8', possible loss of data
          with
          [
              _Rep=float
          ]
C:\Workspaces\cpp\LearningSFML\LearningSFML\Entity.cpp(109,21): warning C4244: 'initializing': conversion from 'double' to 'sf::Uint8', possible loss of data
C:\Workspaces\cpp\LearningSFML\LearningSFML\Entity.cpp(110,21): warning C4244: 'initializing': conversion from 'double' to 'sf::Uint8', possible loss of data
C:\Workspaces\cpp\LearningSFML\LearningSFML\Entity.cpp(111,21): warning C4244: 'initializing': conversion from 'double' to 'sf::Uint8', possible loss of data
  LearningSFML.vcxproj -> C:\Workspaces\cpp\LearningSFML\x64\Debug\LearningSFML.exe
